# JRE version: Java(TM) SE Runtime Environment (17.0.8+9) (build 17.0.8+9-LTS-211)
# Java VM: Java HotSpot(TM) 64-Bit Server VM (17.0.8+9-LTS-211, mixed mode, sharing, tiered, compressed oops, compressed class ptrs, g1 gc, windows-amd64)
GC Precious Log:
 CPUs: 12 total, 12 available
 Memory: 7514M
 Large Page Support: Disabled
 NUMA Support: Disabled
 Compressed Oops: Enabled (32-bit)
 Heap Region Size: 1M
 Heap Min Capacity: 8M
 Heap Initial Capacity: 118M
 Heap Max Capacity: 1880M
 Pre-touch: Disabled
 Parallel Workers: 10
 Concurrent Workers: 3
 Concurrent Refinement Workers: 10
 Periodic GC: Disabled
Heap:
 garbage-first heap   total 178176K, used 55490K [0x000000008a800000, 0x0000000100000000)
  region size 1024K, 6 young (6144K), 1 survivors (1024K)
 Metaspace       used 91910K, committed 92736K, reserved 1179648K
  class space    used 12556K, committed 12928K, reserved 1048576K
GC Heap History (20 events):
Event: 13.462 GC heap before
{Heap before GC invocations=32 (full 0):
 garbage-first heap   total 103424K, used 83488K [0x000000008a800000, 0x0000000100000000)
  region size 1024K, 39 young (39936K), 5 survivors (5120K)
 Metaspace       used 85195K, committed 85888K, reserved 1179648K
  class space    used 11793K, committed 12160K, reserved 1048576K
}
Event: 13.470 GC heap after
{Heap after GC invocations=33 (full 0):
 garbage-first heap   total 103424K, used 51888K [0x000000008a800000, 0x0000000100000000)
  region size 1024K, 5 young (5120K), 5 survivors (5120K)
 Metaspace       used 85195K, committed 85888K, reserved 1179648K
  class space    used 11793K, committed 12160K, reserved 1048576K
}
Event: 130.231 GC heap before
{Heap before GC invocations=33 (full 0):
 garbage-first heap   total 103424K, used 84656K [0x000000008a800000, 0x0000000100000000)
  region size 1024K, 37 young (37888K), 5 survivors (5120K)
 Metaspace       used 89485K, committed 90240K, reserved 1179648K
  class space    used 12367K, committed 12736K, reserved 1048576K
}
Event: 130.358 GC heap after
{Heap after GC invocations=34 (full 0):
 garbage-first heap   total 103424K, used 52874K [0x000000008a800000, 0x0000000100000000)
  region size 1024K, 4 young (4096K), 4 survivors (4096K)
 Metaspace       used 89485K, committed 90240K, reserved 1179648K
  class space    used 12367K, committed 12736K, reserved 1048576K
}
Event: 400.406 GC heap before
{Heap before GC invocations=35 (full 0):
 garbage-first heap   total 103424K, used 85642K [0x000000008a800000, 0x0000000100000000)
  region size 1024K, 36 young (36864K), 4 survivors (4096K)
 Metaspace       used 89604K, committed 90368K, reserved 1179648K
  class space    used 12366K, committed 12736K, reserved 1048576K
}
Event: 400.476 GC heap after
{Heap after GC invocations=36 (full 0):
 garbage-first heap   total 103424K, used 52983K [0x000000008a800000, 0x0000000100000000)
  region size 1024K, 2 young (2048K), 2 survivors (2048K)
 Metaspace       used 89604K, committed 90368K, reserved 1179648K
  class space    used 12366K, committed 12736K, reserved 1048576K
}
Event: 424.943 GC heap before
{Heap before GC invocations=36 (full 0):
 garbage-first heap   total 103424K, used 56055K [0x000000008a800000, 0x0000000100000000)
  region size 1024K, 5 young (5120K), 2 survivors (2048K)
 Metaspace       used 89604K, committed 90368K, reserved 1179648K
  class space    used 12366K, committed 12736K, reserved 1048576K
}
Event: 424.958 GC heap after
{Heap after GC invocations=37 (full 0):
 garbage-first heap   total 103424K, used 52098K [0x000000008a800000, 0x0000000100000000)
  region size 1024K, 1 young (1024K), 1 survivors (1024K)
 Metaspace       used 89604K, committed 90368K, reserved 1179648K
  class space    used 12366K, committed 12736K, reserved 1048576K
}
Event: 713.431 GC heap before
{Heap before GC invocations=37 (full 0):
 garbage-first heap   total 103424K, used 86914K [0x000000008a800000, 0x0000000100000000)
  region size 1024K, 35 young (35840K), 1 survivors (1024K)
 Metaspace       used 89614K, committed 90368K, reserved 1179648K
  class space    used 12366K, committed 12736K, reserved 1048576K
}
Event: 713.740 GC heap after
{Heap after GC invocations=38 (full 0):
 garbage-first heap   total 103424K, used 51900K [0x000000008a800000, 0x0000000100000000)
  region size 1024K, 1 young (1024K), 1 survivors (1024K)
 Metaspace       used 89614K, committed 90368K, reserved 1179648K
  class space    used 12366K, committed 12736K, reserved 1048576K
}
Event: 746.985 GC heap before
{Heap before GC invocations=39 (full 0):
 garbage-first heap   total 103424K, used 55996K [0x000000008a800000, 0x0000000100000000)
  region size 1024K, 5 young (5120K), 1 survivors (1024K)
 Metaspace       used 89614K, committed 90368K, reserved 1179648K
  class space    used 12366K, committed 12736K, reserved 1048576K
}
Event: 747.082 GC heap after
{Heap after GC invocations=40 (full 0):
 garbage-first heap   total 185344K, used 51881K [0x000000008a800000, 0x0000000100000000)
  region size 1024K, 1 young (1024K), 1 survivors (1024K)
 Metaspace       used 89614K, committed 90368K, reserved 1179648K
  class space    used 12366K, committed 12736K, reserved 1048576K
}
Event: 785.753 GC heap before
{Heap before GC invocations=40 (full 0):
 garbage-first heap   total 185344K, used 59049K [0x000000008a800000, 0x0000000100000000)
  region size 1024K, 9 young (9216K), 1 survivors (1024K)
 Metaspace       used 90075K, committed 90752K, reserved 1179648K
  class space    used 12421K, committed 12736K, reserved 1048576K
}
Event: 785.856 GC heap after
{Heap after GC invocations=41 (full 0):
 garbage-first heap   total 185344K, used 51395K [0x000000008a800000, 0x0000000100000000)
  region size 1024K, 1 young (1024K), 1 survivors (1024K)
 Metaspace       used 90075K, committed 90752K, reserved 1179648K
  class space    used 12421K, committed 12736K, reserved 1048576K
}
Event: 789.324 GC heap before
{Heap before GC invocations=41 (full 0):
 garbage-first heap   total 185344K, used 59587K [0x000000008a800000, 0x0000000100000000)
  region size 1024K, 9 young (9216K), 1 survivors (1024K)
 Metaspace       used 91081K, committed 91840K, reserved 1179648K
  class space    used 12524K, committed 12864K, reserved 1048576K
}
Event: 789.346 GC heap after
{Heap after GC invocations=42 (full 0):
 garbage-first heap   total 185344K, used 51842K [0x000000008a800000, 0x0000000100000000)
  region size 1024K, 1 young (1024K), 1 survivors (1024K)
 Metaspace       used 91081K, committed 91840K, reserved 1179648K
  class space    used 12524K, committed 12864K, reserved 1048576K
}
Event: 797.285 GC heap before
{Heap before GC invocations=43 (full 0):
 garbage-first heap   total 178176K, used 60034K [0x000000008a800000, 0x0000000100000000)
  region size 1024K, 9 young (9216K), 1 survivors (1024K)
 Metaspace       used 91681K, committed 92416K, reserved 1179648K
  class space    used 12539K, committed 12928K, reserved 1048576K
}
Event: 797.289 GC heap after
{Heap after GC invocations=44 (full 0):
 garbage-first heap   total 178176K, used 51869K [0x000000008a800000, 0x0000000100000000)
  region size 1024K, 1 young (1024K), 1 survivors (1024K)
 Metaspace       used 91681K, committed 92416K, reserved 1179648K
  class space    used 12539K, committed 12928K, reserved 1048576K
}
Event: 845.692 GC heap before
{Heap before GC invocations=44 (full 0):
 garbage-first heap   total 178176K, used 59037K [0x000000008a800000, 0x0000000100000000)
  region size 1024K, 8 young (8192K), 1 survivors (1024K)
 Metaspace       used 91758K, committed 92480K, reserved 1179648K
  class space    used 12544K, committed 12928K, reserved 1048576K
}
Event: 845.720 GC heap after
{Heap after GC invocations=45 (full 0):
 garbage-first heap   total 178176K, used 51394K [0x000000008a800000, 0x0000000100000000)
  region size 1024K, 1 young (1024K), 1 survivors (1024K)
 Metaspace       used 91758K, committed 92480K, reserved 1179648K
  class space    used 12544K, committed 12928K, reserved 1048576K
}

